<?xml version="1.0" encoding="UTF-8"?>
<!-- Generated by org.testng.reporters.JUnitReportReporter -->
<testsuite hostname="DESKTOP-EG28T0P" failures="0" tests="6" name="api.test.DatadrivenTest" time="15.570" errors="0" timestamp="2024-03-27T19:55:54 IST" skipped="0">
  <testcase classname="api.test.DatadrivenTest" name="testPostUser" time="2.246"/>
  <testcase classname="api.test.DatadrivenTest" name="testPostUser" time="5.308"/>
  <testcase classname="api.test.DatadrivenTest" name="testPostUser" time="1.587"/>
  <testcase classname="api.test.DatadrivenTest" name="testDeleteUserbyName" time="1.841"/>
  <testcase classname="api.test.DatadrivenTest" name="testDeleteUserbyName" time="2.046"/>
  <testcase classname="api.test.DatadrivenTest" name="testDeleteUserbyName" time="2.542"/>
</testsuite> <!-- api.test.DatadrivenTest -->
