<?xml version="1.0" encoding="UTF-8"?>
<!-- Generated by org.testng.reporters.JUnitReportReporter -->
<testsuite hostname="DESKTOP-EG28T0P" failures="0" tests="6" name="api.test.DatadrivenTest" time="20.375" errors="0" timestamp="2024-03-28T12:50:47 IST" skipped="0">
  <testcase classname="api.test.DatadrivenTest" name="testPostUser" time="3.577"/>
  <testcase classname="api.test.DatadrivenTest" name="testPostUser" time="2.142"/>
  <testcase classname="api.test.DatadrivenTest" name="testPostUser" time="7.447"/>
  <testcase classname="api.test.DatadrivenTest" name="testDeleteUserbyName" time="2.040"/>
  <testcase classname="api.test.DatadrivenTest" name="testDeleteUserbyName" time="3.446"/>
  <testcase classname="api.test.DatadrivenTest" name="testDeleteUserbyName" time="1.723"/>
</testsuite> <!-- api.test.DatadrivenTest -->
